[debug] > Exec(early(addDefaultCommands), None, None)
[debug] > Exec(addDefaultCommands, None, None)
[debug] > Exec(early(initialize), None, None)
[debug] > Exec(initialize, None, None)
[debug] > Exec(early(addPluginSbtFile="""C:\Users\arina\AppData\Local\Temp\idea.sbt"""), None, None)
[debug] > Exec(addPluginSbtFile="""C:\Users\arina\AppData\Local\Temp\idea.sbt""", None, None)
[debug] > Exec(boot, None, None)
[debug] > Exec(writeSbtVersion, None, None)
[debug] > Exec(reload, None, None)
[debug] > Exec(sbtStashOnFailure, None, None)
[debug] > Exec(onFailure loadFailed, None, None)
[debug] > Exec(loadp, None, None)
[info] welcome to sbt 1.5.8 (Oracle Corporation Java 17)
[debug]       Load.loadUnit: plugins took 110.7117ms
[debug]       Load.loadUnit: defsScala took 0.4919ms
[debug] [Loading] Scanning directory C:\Users\arina\.sbt\1.0\plugins
[debug] [Loading] Found non-root projects 
[debug] [Loading] Done in C:\Users\arina\.sbt\1.0\plugins, returning: ()
[debug] deducing auto plugins based on known facts Set(Atom(sbt.plugins.CorePlugin)) and clauses Clauses(Clause(Atom(sbt.plugins.JvmPlugin),Set(Atom(sbt.plugins.IvyPlugin)))
[debug] Clause(Atom(sbt.ScriptedPlugin),Set(Atom(sbt.plugins.JvmPlugin)))
[debug] Clause(Atom(sbt.plugins.SbtPlugin),Set(Atom(sbt.ScriptedPlugin)))
[debug] Clause(Atom(sbt.plugins.SemanticdbPlugin),Set(Atom(sbt.plugins.JvmPlugin)))
[debug] Clause(Atom(sbt.plugins.JUnitXmlReportPlugin),Set(Atom(sbt.plugins.JvmPlugin)))
[debug] Clause(Atom(sbt.plugins.MiniDependencyTreePlugin),Set(Atom(sbt.plugins.JvmPlugin)))
[debug] Clause(Atom(sbt.plugins.CorePlugin),Set(Atom(sbt.plugins.IvyPlugin)))
[debug] Clause(Atom(sbt.plugins.IvyPlugin),Set(Atom(sbt.plugins.JvmPlugin)))
[debug] Clause(Atom(sbt.plugins.JvmPlugin),Set(Atom(sbt.plugins.SemanticdbPlugin)))
[debug] Clause(Atom(sbt.plugins.JvmPlugin),Set(Atom(sbt.plugins.JUnitXmlReportPlugin)))
[debug] Clause(Atom(sbt.plugins.CorePlugin),Set(Atom(sbt.plugins.Giter8TemplatePlugin)))
[debug] Clause(Atom(sbt.plugins.JvmPlugin),Set(Atom(sbt.plugins.MiniDependencyTreePlugin))))
[debug]   :: deduced result: Matched(sbt.plugins.CorePlugin,sbt.plugins.Giter8TemplatePlugin,sbt.plugins.IvyPlugin,sbt.plugins.JvmPlugin,sbt.plugins.MiniDependencyTreePlugin,sbt.plugins.JUnitXmlReportPlugin,sbt.plugins.SemanticdbPlugin)
[debug] Plugins.deducer#function took 29.5947 ms
[debug]           Load.resolveProject(global-plugins) took 61.4903ms
[debug]         Load.loadTransitive: finalizeProject(Project(id global-plugins, base: C:\Users\arina\.sbt\1.0\plugins, plugins: List(<none>))) took 125.1753ms
[debug] [Loading] Done in C:\Users\arina\.sbt\1.0\plugins, returning: (global-plugins)
[debug]       Load.loadUnit: loadedProjectsRaw took 158.0088ms
[debug]       Load.loadUnit: cleanEvalClasses took 0.4099ms
[debug]     Load.loadUnit(file:/C:/Users/arina/.sbt/1.0/plugins/, ...) took 282.3248ms
[debug]   Load.apply: load took 519.3248ms
[debug]   Load.apply: resolveProjects took 10.1092ms
[debug]   Load.apply: finalTransforms took 81.4791ms
[debug]   Load.apply: config.delegates took 10.952ms
[debug]   Load.apply: Def.make(settings)... took 426.5876ms
[debug]   Load.apply: structureIndex took 144.9178ms
[debug]   Load.apply: mkStreams took 5.0555ms
[info] loading global plugins from C:\Users\arina\.sbt\1.0\plugins
[debug] Running task... Cancel: Signal, check cycles: false, forcegc: true
[debug] Load.defaultLoad until apply took 5403.7678ms
[debug]           Load.loadUnit: plugins took 25.7763ms
[debug]           Load.loadUnit: defsScala took 0.0027ms
[debug] [Loading] Scanning directory C:\Users\arina\Desktop\LFA3\skel-scala-e3\skel-scala\project
[debug]             Load.loadUnit: mkEval took 5.6929ms
[debug] [Loading] Found non-root projects 
[debug] [Loading] Done in C:\Users\arina\Desktop\LFA3\skel-scala-e3\skel-scala\project, returning: ()
[debug] deducing auto plugins based on known facts Set(Atom(sbt.plugins.CorePlugin)) and clauses Clauses(Clause(Atom(sbt.plugins.JvmPlugin),Set(Atom(sbt.plugins.IvyPlugin)))
[debug] Clause(Atom(sbt.ScriptedPlugin),Set(Atom(sbt.plugins.JvmPlugin)))
[debug] Clause(Atom(sbt.plugins.SbtPlugin),Set(Atom(sbt.ScriptedPlugin)))
[debug] Clause(Atom(sbt.plugins.SemanticdbPlugin),Set(Atom(sbt.plugins.JvmPlugin)))
[debug] Clause(Atom(sbt.plugins.JUnitXmlReportPlugin),Set(Atom(sbt.plugins.JvmPlugin)))
[debug] Clause(Atom(sbt.plugins.MiniDependencyTreePlugin),Set(Atom(sbt.plugins.JvmPlugin)))
[debug] Clause(Atom(sbt.plugins.CorePlugin),Set(Atom(sbt.plugins.IvyPlugin)))
[debug] Clause(Atom(sbt.plugins.IvyPlugin),Set(Atom(sbt.plugins.JvmPlugin)))
[debug] Clause(Atom(sbt.plugins.JvmPlugin),Set(Atom(sbt.plugins.SemanticdbPlugin)))
[debug] Clause(Atom(sbt.plugins.JvmPlugin),Set(Atom(sbt.plugins.JUnitXmlReportPlugin)))
[debug] Clause(Atom(sbt.plugins.CorePlugin),Set(Atom(sbt.plugins.Giter8TemplatePlugin)))
[debug] Clause(Atom(sbt.plugins.JvmPlugin),Set(Atom(sbt.plugins.MiniDependencyTreePlugin))))
[debug]   :: deduced result: Matched(sbt.plugins.CorePlugin,sbt.plugins.Giter8TemplatePlugin,sbt.plugins.IvyPlugin,sbt.plugins.JvmPlugin,sbt.plugins.MiniDependencyTreePlugin,sbt.plugins.JUnitXmlReportPlugin,sbt.plugins.SemanticdbPlugin)
[debug] Plugins.deducer#function took 1.4161 ms
[info] loading settings for project skel-scala-build from idea.sbt ...
[debug]               Load.resolveProject(skel-scala-build) took 4.0112ms
[debug]             Load.loadTransitive: finalizeProject(Project(id skel-scala-build, base: C:\Users\arina\Desktop\LFA3\skel-scala-e3\skel-scala\project, plugins: List(<none>))) took 5.8156ms
[debug] [Loading] Done in C:\Users\arina\Desktop\LFA3\skel-scala-e3\skel-scala\project, returning: (skel-scala-build)
[debug]           Load.loadUnit: loadedProjectsRaw took 2414.8177ms
[debug]           Load.loadUnit: cleanEvalClasses took 5.1967ms
[debug]         Load.loadUnit(file:/C:/Users/arina/Desktop/LFA3/skel-scala-e3/skel-scala/project/, ...) took 2446.7397ms
[debug]       Load.apply: load took 2448.3924ms
[debug]       Load.apply: resolveProjects took 0.1528ms
[debug]       Load.apply: finalTransforms took 10.6117ms
[debug]       Load.apply: config.delegates took 0.3556ms
[debug]       Load.apply: Def.make(settings)... took 64.9395ms
[debug]       Load.apply: structureIndex took 24.0619ms
[debug]       Load.apply: mkStreams took 0.0017ms
[info] loading project definition from C:\Users\arina\Desktop\LFA3\skel-scala-e3\skel-scala\project
[debug] Running task... Cancel: Signal, check cycles: false, forcegc: true
[warn] Unrecognized repository Scala Plugin Bundled Repository, ignoring it
[debug]     Load.loadUnit: plugins took 3003.4704ms
[debug]     Load.loadUnit: defsScala took 0.0026ms
[debug] [Loading] Scanning directory C:\Users\arina\Desktop\LFA3\skel-scala-e3\skel-scala
[debug]       Load.loadUnit: mkEval took 0.3567ms
[debug] [Loading] Found root project root w/ remaining 
[debug] deducing auto plugins based on known facts Set(Atom(sbt.plugins.CorePlugin)) and clauses Clauses(Clause(Atom(sbt.plugins.JvmPlugin),Set(Atom(sbt.plugins.IvyPlugin)))
[debug] Clause(Atom(sbt.ScriptedPlugin),Set(Atom(sbt.plugins.JvmPlugin)))
[debug] Clause(Atom(sbt.plugins.SbtPlugin),Set(Atom(sbt.ScriptedPlugin)))
[debug] Clause(Atom(sbt.plugins.SemanticdbPlugin),Set(Atom(sbt.plugins.JvmPlugin)))
[debug] Clause(Atom(sbt.plugins.JUnitXmlReportPlugin),Set(Atom(sbt.plugins.JvmPlugin)))
[debug] Clause(Atom(sbt.plugins.MiniDependencyTreePlugin),Set(Atom(sbt.plugins.JvmPlugin)))
[debug] Clause(Atom(org.jetbrains.sbt.StructurePlugin),Set(Atom(sbt.plugins.JvmPlugin)))
[debug] Clause(Atom(org.jetbrains.sbt.IdeaShellPlugin),Set(Atom(sbt.plugins.JvmPlugin)))
[debug] Clause(Atom(org.jetbrains.sbt.indices.SbtIntellijIndicesPlugin),Set(Atom(sbt.plugins.JvmPlugin)))
[debug] Clause(Atom(sbt.plugins.CorePlugin),Set(Atom(sbt.plugins.IvyPlugin)))
[debug] Clause(Atom(sbt.plugins.IvyPlugin),Set(Atom(sbt.plugins.JvmPlugin)))
[debug] Clause(Atom(sbt.plugins.JvmPlugin),Set(Atom(sbt.plugins.SemanticdbPlugin)))
[debug] Clause(Atom(sbt.plugins.JvmPlugin),Set(Atom(sbt.plugins.JUnitXmlReportPlugin)))
[debug] Clause(Atom(sbt.plugins.CorePlugin),Set(Atom(sbt.plugins.Giter8TemplatePlugin)))
[debug] Clause(Atom(sbt.plugins.JvmPlugin),Set(Atom(sbt.plugins.MiniDependencyTreePlugin)))
[debug] Clause(Atom(sbt.plugins.JvmPlugin),Set(Atom(org.jetbrains.sbt.StructurePlugin)))
[debug] Clause(Atom(sbt.plugins.JvmPlugin),Set(Atom(org.jetbrains.sbt.IdeaShellPlugin)))
[debug] Clause(And(Set(Atom(sbt.plugins.CorePlugin), Atom(sbt.plugins.JvmPlugin))),Set(Atom(org.jetbrains.sbt.indices.SbtIntellijIndicesPlugin))))
[debug]   :: deduced result: Matched(sbt.plugins.CorePlugin,sbt.plugins.Giter8TemplatePlugin,sbt.plugins.IvyPlugin,sbt.plugins.JvmPlugin,sbt.plugins.SemanticdbPlugin,org.jetbrains.sbt.indices.SbtIntellijIndicesPlugin,sbt.plugins.JUnitXmlReportPlugin,org.jetbrains.sbt.IdeaShellPlugin,org.jetbrains.sbt.StructurePlugin,sbt.plugins.MiniDependencyTreePlugin)
[debug] Plugins.deducer#function took 1.4476 ms
[info] loading settings for project root from build.sbt ...
[debug]         Load.resolveProject(root) took 29.4045ms
[debug]       Load.loadTransitive: finalizeProject(Project(id root, base: C:\Users\arina\Desktop\LFA3\skel-scala-e3\skel-scala, plugins: List(<none>))) took 32.4492ms
[debug] [Loading] Done in C:\Users\arina\Desktop\LFA3\skel-scala-e3\skel-scala, returning: (root)
[debug]     Load.loadUnit: loadedProjectsRaw took 1297.1675ms
[debug]     Load.loadUnit: cleanEvalClasses took 16.3511ms
[debug]   Load.loadUnit(file:/C:/Users/arina/Desktop/LFA3/skel-scala-e3/skel-scala/, ...) took 4317.6975ms
[debug] Load.apply: load took 4319.1157ms
[debug] Load.apply: resolveProjects took 0.0745ms
[debug] Load.apply: finalTransforms took 24.0204ms
[debug] Load.apply: config.delegates took 0.2327ms
[debug] Load.apply: Def.make(settings)... took 71.584ms
[debug] Load.apply: structureIndex took 21.886ms
[debug] Load.apply: mkStreams took 0.0024ms
[info] set current project to LFA-2022-2023 (in build file:/C:/Users/arina/Desktop/LFA3/skel-scala-e3/skel-scala/)
[debug] > Exec(sbtPopOnFailure, None, None)
[debug] > Exec(resumeFromFailure, None, None)
[debug] > Exec(notifyUsersAboutShell, None, None)
[debug] > Exec(iflast shell, None, None)
[debug] > Exec(; set ideaPort in Global := 55273 ; idea-shell, None, None)
[debug] > Exec(set ideaPort in Global := 55273, None, None)
[info] Defining Global / ideaPort
[info] The new value will be used by Compile / compile, Test / compile
[debug] Defining 
[debug] 	Global / ideaPort
[debug] 
[debug] The new value will be used by 
[debug] 	Compile / compile
[debug] 	Test / compile
[info] Reapplying settings...
[info] set current project to LFA-2022-2023 (in build file:/C:/Users/arina/Desktop/LFA3/skel-scala-e3/skel-scala/)
[debug] > Exec(idea-shell, None, None)
